<?xml version="1.0" encoding="UTF-8"?>
<testsuite name="SILab2Test" tests="1" skipped="0" failures="0" errors="0" timestamp="2024-05-22T11:48:53" hostname="DESKTOP-0G5F78I" time="0.066">
  <properties/>
  <testcase name="BranchTest()" classname="SILab2Test" time="0.066"/>
  <system-out><![CDATA[]]></system-out>
  <system-err><![CDATA[]]></system-err>
</testsuite>
